2019-01-23T09:44:40.939Z - normal: Load ~/.CocosCreator/settings.json
2019-01-23T09:44:40.943Z - normal: checking language setting...
2019-01-23T09:44:40.944Z - normal: Language: zh
2019-01-23T09:44:41.692Z - success: protocol editor-framework registered
2019-01-23T09:44:41.693Z - success: protocol app registered
2019-01-23T09:44:41.693Z - success: protocol theme registered
2019-01-23T09:44:41.693Z - success: protocol packages registered
2019-01-23T09:44:41.694Z - success: protocol unpack registerred
2019-01-23T09:44:41.694Z - success: protocol disable-commonjs registerred
2019-01-23T09:44:41.818Z - normal: connected!
2019-01-23T09:44:41.821Z - normal: Check project /Users/lianglianghu/Documents/CocosProjects/start_project
2019-01-23T09:44:41.826Z - normal: Initializing Cocos2d
2019-01-23T09:44:42.069Z - normal: Initializing Asset Database
2019-01-23T09:44:42.100Z - success: protocol uuid registerred
2019-01-23T09:44:42.100Z - success: protocol db registerred
2019-01-23T09:44:42.100Z - success: protocol thumbnail registerred
2019-01-23T09:44:42.100Z - normal: Loading editor/builtin packages
2019-01-23T09:44:42.117Z - success: anysdk loaded
2019-01-23T09:44:42.224Z - success: assets loaded
2019-01-23T09:44:42.228Z - success: builder loaded
2019-01-23T09:44:42.231Z - success: cocos-analytics loaded
2019-01-23T09:44:42.235Z - success: console loaded
2019-01-23T09:44:42.264Z - success: fb-instant-games loaded
2019-01-23T09:44:42.268Z - success: hierarchy loaded
2019-01-23T09:44:42.272Z - success: inspector loaded
2019-01-23T09:44:42.273Z - success: keystore loaded
2019-01-23T09:44:42.277Z - success: node-library loaded
2019-01-23T09:44:42.279Z - success: package-asset loaded
2019-01-23T09:44:42.281Z - success: preferences loaded
2019-01-23T09:44:42.284Z - success: project-exporter loaded
2019-01-23T09:44:42.299Z - success: project-importer loaded
2019-01-23T09:44:42.301Z - success: project-settings loaded
2019-01-23T09:44:42.308Z - success: ui-kit loaded
2019-01-23T09:44:42.313Z - success: ui-grid loaded
2019-01-23T09:44:42.317Z - success: scene loaded
2019-01-23T09:44:42.318Z - success: sprite-editor loaded
2019-01-23T09:44:42.321Z - success: store loaded
2019-01-23T09:44:42.327Z - success: timeline loaded
2019-01-23T09:44:42.328Z - normal: Loading builtin packages
2019-01-23T09:44:42.332Z - success: asset-db-debugger loaded
2019-01-23T09:44:42.333Z - success: color-picker loaded
2019-01-23T09:44:42.337Z - success: package-manager loaded
2019-01-23T09:44:42.338Z - success: qqplay-adapter loaded
2019-01-23T09:44:42.344Z - success: sdkbox loaded
2019-01-23T09:44:42.349Z - success: tester loaded
2019-01-23T09:44:42.353Z - success: ui-kit-preview-extra loaded
2019-01-23T09:44:42.357Z - success: ui-kit-preview loaded
2019-01-23T09:44:42.361Z - success: ui-tree loaded
2019-01-23T09:44:42.362Z - success: weapp-adapter loaded
2019-01-23T09:44:43.220Z - normal: Initializing project /Users/lianglianghu/Documents/CocosProjects/start_project
2019-01-23T09:44:43.224Z - normal: Loading packages
2019-01-23T09:44:43.229Z - normal: Watching packages
2019-01-23T09:44:43.323Z - normal: Run Application
2019-01-23T09:44:43.789Z - success: preview server running at http://localhost:7456
2019-01-23T09:44:47.526Z - normal: 1.9.3
2019-01-23T09:46:48.627Z - warn: Can not select this node in Animation Edit Mode
